build/app/intermediates/manifest_merge_blame_file/release/manifest-merger-blame-release-report.txt
1<?xml version="1.0" encoding="utf-8"?>
2<manifest xmlns:android="http://schemas.android.com/apk/res/android"
3    package="tech.sensei.staffapp"
4    android:versionCode="25"
5    android:versionName="1.0.0" >
6
7    <uses-sdk
8        android:minSdkVersion="16"
8-->src/main/AndroidManifest.xml
9        android:targetSdkVersion="28" />
9-->src/main/AndroidManifest.xml
10    <!--
11       io.flutter.app.FlutterApplication is an android.app.Application that
12         calls FlutterMain.startInitialization(this); in its onCreate method.
13         In most cases you can leave this as-is, but you if you want to provide
14         additional functionality it is fine to subclass or reimplement
15         FlutterApplication and put your custom class here.
16    -->
17    <uses-permission android:name="android.permission.INTERNET" />
17-->src/main/AndroidManifest.xml:7:3-64
17-->src/main/AndroidManifest.xml:7:20-62
18    <uses-permission android:name="android.permission.ACCESS_NETWORK_STATE" />
18-->[:connectivity] AndroidManifest.xml:7:5-79
18-->[:connectivity] AndroidManifest.xml:7:22-76
19    <uses-permission android:name="android.permission.ACCESS_WIFI_STATE" />
19-->[:connectivity] AndroidManifest.xml:8:5-76
19-->[:connectivity] AndroidManifest.xml:8:22-73
20    <uses-permission android:name="android.permission.WAKE_LOCK" /> <!-- Required by older versions of Google Play services to create IID tokens -->
20-->[com.google.firebase:firebase-iid:20.3.0] AndroidManifest.xml:24:5-68
20-->[com.google.firebase:firebase-iid:20.3.0] AndroidManifest.xml:24:22-65
21    <uses-permission android:name="com.google.android.c2dm.permission.RECEIVE" />
21-->[com.google.firebase:firebase-iid:20.3.0] AndroidManifest.xml:26:5-82
21-->[com.google.firebase:firebase-iid:20.3.0] AndroidManifest.xml:26:22-79
22    <uses-permission android:name="com.google.android.finsky.permission.BIND_GET_INSTALL_REFERRER_SERVICE" />
22-->[com.google.android.gms:play-services-measurement:17.6.0] AndroidManifest.xml:26:5-110
22-->[com.google.android.gms:play-services-measurement:17.6.0] AndroidManifest.xml:26:22-107
23
24    <application
24-->src/main/AndroidManifest.xml:8:3-29:17
25        android:name="io.flutter.app.FlutterApplication"
25-->src/main/AndroidManifest.xml:8:16-64
26        android:appComponentFactory="androidx.core.app.CoreComponentFactory"
26-->[androidx.core:core:1.1.0] AndroidManifest.xml:24:18-86
27        android:icon="@mipmap/ic_launcher"
27-->src/main/AndroidManifest.xml:8:90-124
28        android:label="StaffApp" >
28-->src/main/AndroidManifest.xml:8:65-89
29        <activity
29-->src/main/AndroidManifest.xml:9:5-25:16
30            android:name="tech.sensei.staffapp.MainActivity"
30-->src/main/AndroidManifest.xml:9:15-43
31            android:configChanges="orientation|keyboardHidden|keyboard|screenSize|smallestScreenSize|locale|layoutDirection|fontScale|screenLayout|density|uiMode"
31-->src/main/AndroidManifest.xml:9:110-260
32            android:hardwareAccelerated="true"
32-->src/main/AndroidManifest.xml:9:261-295
33            android:launchMode="singleTop"
33-->src/main/AndroidManifest.xml:9:44-74
34            android:theme="@style/LaunchTheme"
34-->src/main/AndroidManifest.xml:9:75-109
35            android:windowSoftInputMode="adjustResize" >
35-->src/main/AndroidManifest.xml:9:296-338
36
37            <!--
38           Specifies an Android theme to apply to this Activity as soon as
39                 the Android process has started. This theme is visible to the user
40                 while the Flutter UI initializes. After that, this theme continues
41                 to determine the Window background behind the Flutter UI.
42            -->
43            <meta-data
43-->src/main/AndroidManifest.xml:14:7-114
44                android:name="io.flutter.embedding.android.NormalTheme"
44-->src/main/AndroidManifest.xml:14:18-73
45                android:resource="@style/NormalTheme" />
45-->src/main/AndroidManifest.xml:14:74-111
46            <!--
47           Displays an Android View that continues showing the launch screen
48                 Drawable until Flutter paints its first frame, then this splash
49                 screen fades out. A splash screen is useful to avoid any visual
50                 gap between the end of Android's launch screen and the painting of
51                 Flutter's first frame.
52            -->
53            <meta-data
53-->src/main/AndroidManifest.xml:20:7-132
54                android:name="io.flutter.embedding.android.SplashScreenDrawable"
54-->src/main/AndroidManifest.xml:20:18-82
55                android:resource="@drawable/launch_background" />
55-->src/main/AndroidManifest.xml:20:83-129
56
57            <intent-filter>
57-->src/main/AndroidManifest.xml:21:7-24:23
58                <action android:name="android.intent.action.MAIN" />
58-->src/main/AndroidManifest.xml:22:9-60
58-->src/main/AndroidManifest.xml:22:17-58
59
60                <category android:name="android.intent.category.LAUNCHER" />
60-->src/main/AndroidManifest.xml:23:9-68
60-->src/main/AndroidManifest.xml:23:19-66
61            </intent-filter>
62        </activity>
63        <!--
64         Don't delete the meta-data below.
65             This is used by the Flutter tool to generate GeneratedPluginRegistrant.java
66        -->
67        <meta-data
67-->src/main/AndroidManifest.xml:28:5-68
68            android:name="flutterEmbedding"
68-->src/main/AndroidManifest.xml:28:16-47
69            android:value="2" />
69-->src/main/AndroidManifest.xml:28:48-65
70
71        <service android:name="io.flutter.plugins.firebasemessaging.FlutterFirebaseMessagingService" >
71-->[:firebase_messaging] AndroidManifest.xml:8:9-12:19
71-->[:firebase_messaging] AndroidManifest.xml:8:18-101
72            <intent-filter>
72-->[:firebase_messaging] AndroidManifest.xml:9:13-11:29
73                <action android:name="com.google.firebase.MESSAGING_EVENT" />
73-->[:firebase_messaging] AndroidManifest.xml:10:17-78
73-->[:firebase_messaging] AndroidManifest.xml:10:25-75
74            </intent-filter>
75        </service>
76        <service
76-->[:firebase_messaging] AndroidManifest.xml:13:9-17:19
77            android:name="com.google.firebase.components.ComponentDiscoveryService"
77-->[:firebase_messaging] AndroidManifest.xml:13:18-89
78            android:directBootAware="true"
78-->[com.google.firebase:firebase-common:19.3.0] AndroidManifest.xml:34:13-43
79            android:exported="false" >
79-->[com.google.firebase:firebase-messaging:20.3.0] AndroidManifest.xml:38:13-37
80            <meta-data
80-->[:firebase_messaging] AndroidManifest.xml:14:13-16:85
81                android:name="com.google.firebase.components:io.flutter.plugins.firebasemessaging.FlutterFirebaseAppRegistrar"
81-->[:firebase_messaging] AndroidManifest.xml:15:17-127
82                android:value="com.google.firebase.components.ComponentRegistrar" />
82-->[:firebase_messaging] AndroidManifest.xml:16:17-82
83            <meta-data
83-->[:firebase_core] AndroidManifest.xml:9:13-11:85
84                android:name="com.google.firebase.components:io.flutter.plugins.firebase.core.FlutterFirebaseCoreRegistrar"
84-->[:firebase_core] AndroidManifest.xml:10:17-124
85                android:value="com.google.firebase.components.ComponentRegistrar" />
85-->[:firebase_core] AndroidManifest.xml:11:17-82
86            <meta-data
86-->[:firebase_crashlytics] AndroidManifest.xml:9:13-11:85
87                android:name="com.google.firebase.components:io.flutter.plugins.firebase.crashlytics.firebasecrashlytics.FlutterFirebaseAppRegistrar"
87-->[:firebase_crashlytics] AndroidManifest.xml:10:17-150
88                android:value="com.google.firebase.components.ComponentRegistrar" />
88-->[:firebase_crashlytics] AndroidManifest.xml:11:17-82
89            <meta-data
89-->[com.google.firebase:firebase-messaging:20.3.0] AndroidManifest.xml:39:13-41:85
90                android:name="com.google.firebase.components:com.google.firebase.messaging.FirebaseMessagingRegistrar"
90-->[com.google.firebase:firebase-messaging:20.3.0] AndroidManifest.xml:40:17-119
91                android:value="com.google.firebase.components.ComponentRegistrar" />
91-->[com.google.firebase:firebase-messaging:20.3.0] AndroidManifest.xml:41:17-82
92            <meta-data
92-->[com.google.firebase:firebase-iid:20.3.0] AndroidManifest.xml:32:13-34:85
93                android:name="com.google.firebase.components:com.google.firebase.iid.Registrar"
93-->[com.google.firebase:firebase-iid:20.3.0] AndroidManifest.xml:33:17-96
94                android:value="com.google.firebase.components.ComponentRegistrar" />
94-->[com.google.firebase:firebase-iid:20.3.0] AndroidManifest.xml:34:17-82
95            <meta-data
95-->[com.google.android.gms:play-services-measurement-api:17.6.0] AndroidManifest.xml:30:13-32:85
96                android:name="com.google.firebase.components:com.google.firebase.analytics.connector.internal.AnalyticsConnectorRegistrar"
96-->[com.google.android.gms:play-services-measurement-api:17.6.0] AndroidManifest.xml:31:17-139
97                android:value="com.google.firebase.components.ComponentRegistrar" />
97-->[com.google.android.gms:play-services-measurement-api:17.6.0] AndroidManifest.xml:32:17-82
98            <meta-data
98-->[com.google.firebase:firebase-datatransport:17.0.3] AndroidManifest.xml:28:13-30:85
99                android:name="com.google.firebase.components:com.google.firebase.datatransport.TransportRegistrar"
99-->[com.google.firebase:firebase-datatransport:17.0.3] AndroidManifest.xml:29:17-115
100                android:value="com.google.firebase.components.ComponentRegistrar" />
100-->[com.google.firebase:firebase-datatransport:17.0.3] AndroidManifest.xml:30:17-82
101            <meta-data
101-->[com.google.firebase:firebase-installations:16.3.3] AndroidManifest.xml:17:13-19:85
102                android:name="com.google.firebase.components:com.google.firebase.installations.FirebaseInstallationsRegistrar"
102-->[com.google.firebase:firebase-installations:16.3.3] AndroidManifest.xml:18:17-127
103                android:value="com.google.firebase.components.ComponentRegistrar" />
103-->[com.google.firebase:firebase-installations:16.3.3] AndroidManifest.xml:19:17-82
104        </service>
105        <!--
106             FirebaseMessagingService performs security checks at runtime,
107             but set to not exported to explicitly avoid allowing another app to call it.
108        -->
109        <service
109-->[com.google.firebase:firebase-messaging:20.3.0] AndroidManifest.xml:28:9-35:19
110            android:name="com.google.firebase.messaging.FirebaseMessagingService"
110-->[com.google.firebase:firebase-messaging:20.3.0] AndroidManifest.xml:29:13-82
111            android:directBootAware="true"
111-->[com.google.firebase:firebase-messaging:20.3.0] AndroidManifest.xml:30:13-43
112            android:exported="false" >
112-->[com.google.firebase:firebase-messaging:20.3.0] AndroidManifest.xml:31:13-37
113            <intent-filter android:priority="-500" >
113-->[:firebase_messaging] AndroidManifest.xml:9:13-11:29
114                <action android:name="com.google.firebase.MESSAGING_EVENT" />
114-->[:firebase_messaging] AndroidManifest.xml:10:17-78
114-->[:firebase_messaging] AndroidManifest.xml:10:25-75
115            </intent-filter>
116        </service>
117
118        <receiver
118-->[com.google.firebase:firebase-iid:20.3.0] AndroidManifest.xml:37:9-44:20
119            android:name="com.google.firebase.iid.FirebaseInstanceIdReceiver"
119-->[com.google.firebase:firebase-iid:20.3.0] AndroidManifest.xml:38:13-78
120            android:exported="true"
120-->[com.google.firebase:firebase-iid:20.3.0] AndroidManifest.xml:39:13-36
121            android:permission="com.google.android.c2dm.permission.SEND" >
121-->[com.google.firebase:firebase-iid:20.3.0] AndroidManifest.xml:40:13-73
122            <intent-filter>
122-->[com.google.firebase:firebase-iid:20.3.0] AndroidManifest.xml:41:13-43:29
123                <action android:name="com.google.android.c2dm.intent.RECEIVE" />
123-->[com.google.firebase:firebase-iid:20.3.0] AndroidManifest.xml:42:17-81
123-->[com.google.firebase:firebase-iid:20.3.0] AndroidManifest.xml:42:25-78
124            </intent-filter>
125        </receiver>
126        <receiver
126-->[com.google.android.gms:play-services-measurement:17.6.0] AndroidManifest.xml:29:9-33:20
127            android:name="com.google.android.gms.measurement.AppMeasurementReceiver"
127-->[com.google.android.gms:play-services-measurement:17.6.0] AndroidManifest.xml:30:13-85
128            android:enabled="true"
128-->[com.google.android.gms:play-services-measurement:17.6.0] AndroidManifest.xml:31:13-35
129            android:exported="false" >
129-->[com.google.android.gms:play-services-measurement:17.6.0] AndroidManifest.xml:32:13-37
130        </receiver>
131
132        <service
132-->[com.google.android.gms:play-services-measurement:17.6.0] AndroidManifest.xml:35:9-38:40
133            android:name="com.google.android.gms.measurement.AppMeasurementService"
133-->[com.google.android.gms:play-services-measurement:17.6.0] AndroidManifest.xml:36:13-84
134            android:enabled="true"
134-->[com.google.android.gms:play-services-measurement:17.6.0] AndroidManifest.xml:37:13-35
135            android:exported="false" />
135-->[com.google.android.gms:play-services-measurement:17.6.0] AndroidManifest.xml:38:13-37
136        <service
136-->[com.google.android.gms:play-services-measurement:17.6.0] AndroidManifest.xml:39:9-43:72
137            android:name="com.google.android.gms.measurement.AppMeasurementJobService"
137-->[com.google.android.gms:play-services-measurement:17.6.0] AndroidManifest.xml:40:13-87
138            android:enabled="true"
138-->[com.google.android.gms:play-services-measurement:17.6.0] AndroidManifest.xml:41:13-35
139            android:exported="false"
139-->[com.google.android.gms:play-services-measurement:17.6.0] AndroidManifest.xml:42:13-37
140            android:permission="android.permission.BIND_JOB_SERVICE" />
140-->[com.google.android.gms:play-services-measurement:17.6.0] AndroidManifest.xml:43:13-69
141
142        <provider
142-->[androidx.lifecycle:lifecycle-process:2.2.0] AndroidManifest.xml:25:9-29:43
143            android:name="androidx.lifecycle.ProcessLifecycleOwnerInitializer"
143-->[androidx.lifecycle:lifecycle-process:2.2.0] AndroidManifest.xml:26:13-79
144            android:authorities="tech.sensei.staffapp.lifecycle-process"
144-->[androidx.lifecycle:lifecycle-process:2.2.0] AndroidManifest.xml:27:13-69
145            android:exported="false"
145-->[androidx.lifecycle:lifecycle-process:2.2.0] AndroidManifest.xml:28:13-37
146            android:multiprocess="true" />
146-->[androidx.lifecycle:lifecycle-process:2.2.0] AndroidManifest.xml:29:13-40
147        <provider
147-->[com.google.firebase:firebase-common:19.3.0] AndroidManifest.xml:26:9-30:39
148            android:name="com.google.firebase.provider.FirebaseInitProvider"
148-->[com.google.firebase:firebase-common:19.3.0] AndroidManifest.xml:27:13-77
149            android:authorities="tech.sensei.staffapp.firebaseinitprovider"
149-->[com.google.firebase:firebase-common:19.3.0] AndroidManifest.xml:28:13-72
150            android:exported="false"
150-->[com.google.firebase:firebase-common:19.3.0] AndroidManifest.xml:29:13-37
151            android:initOrder="100" />
151-->[com.google.firebase:firebase-common:19.3.0] AndroidManifest.xml:30:13-36
152
153        <activity
153-->[com.google.android.gms:play-services-base:17.0.0] AndroidManifest.xml:23:9-26:75
154            android:name="com.google.android.gms.common.api.GoogleApiActivity"
154-->[com.google.android.gms:play-services-base:17.0.0] AndroidManifest.xml:24:13-79
155            android:exported="false"
155-->[com.google.android.gms:play-services-base:17.0.0] AndroidManifest.xml:25:13-37
156            android:theme="@android:style/Theme.Translucent.NoTitleBar" />
156-->[com.google.android.gms:play-services-base:17.0.0] AndroidManifest.xml:26:13-72
157
158        <meta-data
158-->[com.google.android.gms:play-services-basement:17.0.0] AndroidManifest.xml:23:9-25:69
159            android:name="com.google.android.gms.version"
159-->[com.google.android.gms:play-services-basement:17.0.0] AndroidManifest.xml:24:13-58
160            android:value="@integer/google_play_services_version" />
160-->[com.google.android.gms:play-services-basement:17.0.0] AndroidManifest.xml:25:13-66
161
162        <service
162-->[com.google.android.datatransport:transport-backend-cct:2.2.0] AndroidManifest.xml:29:9-35:19
163            android:name="com.google.android.datatransport.runtime.backends.TransportBackendDiscovery"
163-->[com.google.android.datatransport:transport-backend-cct:2.2.0] AndroidManifest.xml:30:13-103
164            android:exported="false" >
164-->[com.google.android.datatransport:transport-backend-cct:2.2.0] AndroidManifest.xml:31:13-37
165            <meta-data
165-->[com.google.android.datatransport:transport-backend-cct:2.2.0] AndroidManifest.xml:32:13-34:39
166                android:name="backend:com.google.android.datatransport.cct.CctBackendFactory"
166-->[com.google.android.datatransport:transport-backend-cct:2.2.0] AndroidManifest.xml:33:17-94
167                android:value="cct" />
167-->[com.google.android.datatransport:transport-backend-cct:2.2.0] AndroidManifest.xml:34:17-36
168        </service>
169        <service
169-->[com.google.android.datatransport:transport-runtime:2.2.0] AndroidManifest.xml:26:9-30:19
170            android:name="com.google.android.datatransport.runtime.scheduling.jobscheduling.JobInfoSchedulerService"
170-->[com.google.android.datatransport:transport-runtime:2.2.0] AndroidManifest.xml:27:13-117
171            android:exported="false"
171-->[com.google.android.datatransport:transport-runtime:2.2.0] AndroidManifest.xml:28:13-37
172            android:permission="android.permission.BIND_JOB_SERVICE" >
172-->[com.google.android.datatransport:transport-runtime:2.2.0] AndroidManifest.xml:29:13-69
173        </service>
174
175        <receiver
175-->[com.google.android.datatransport:transport-runtime:2.2.0] AndroidManifest.xml:32:9-34:40
176            android:name="com.google.android.datatransport.runtime.scheduling.jobscheduling.AlarmManagerSchedulerBroadcastReceiver"
176-->[com.google.android.datatransport:transport-runtime:2.2.0] AndroidManifest.xml:33:13-132
177            android:exported="false" />
177-->[com.google.android.datatransport:transport-runtime:2.2.0] AndroidManifest.xml:34:13-37
178
179        <provider
179-->[com.crashlytics.sdk.android:crashlytics:2.10.1] AndroidManifest.xml:19:9-23:38
180            android:name="com.crashlytics.android.CrashlyticsInitProvider"
180-->[com.crashlytics.sdk.android:crashlytics:2.10.1] AndroidManifest.xml:20:13-75
181            android:authorities="tech.sensei.staffapp.crashlyticsinitprovider"
181-->[com.crashlytics.sdk.android:crashlytics:2.10.1] AndroidManifest.xml:21:13-75
182            android:exported="false"
182-->[com.crashlytics.sdk.android:crashlytics:2.10.1] AndroidManifest.xml:22:13-37
183            android:initOrder="90" />
183-->[com.crashlytics.sdk.android:crashlytics:2.10.1] AndroidManifest.xml:23:13-35
184    </application>
185
186</manifest>